<?xml version="1.0" encoding="UTF-8" ?>
<testsuite 
errors="0" failures="1" hostname="Inblrlt-rekha" name="com.glassbeam.scalatestdemo.LoginGBSpec" tests="1" time="10.486" timestamp="2014-02-06T10:35:59">
  <properties>
    <property name="jline.esc.timeout" value="0"> </property>
    <property name="java.runtime.name" value="Java(TM) SE Runtime Environment">
    </property>
    <property 
    name="sun.boot.library.path" value="/usr/lib/jvm/java-7-oracle/jre/lib/i386">
</property>
    <property name="java.vm.version" value="24.45-b08"> </property>
    <property name="java.vm.vendor" value="Oracle Corporation"> </property>
    <property name="java.vendor.url" value="http://java.oracle.com/">
    </property>
    <property name="path.separator" value=":"> </property>
    <property name="java.vm.name" value="Java HotSpot(TM) Server VM">
    </property>
    <property name="file.encoding.pkg" value="sun.io"> </property>
    <property name="user.country" value="IN"> </property>
    <property name="sun.java.launcher" value="SUN_STANDARD"> </property>
    <property name="sun.os.patch.level" value="unknown"> </property>
    <property 
    name="java.vm.specification.name" value="Java Virtual Machine Specification">
</property>
    <property name="user.dir" value="/home/rekha/Scala_projs/ScalaTestDemo">
    </property>
    <property name="java.runtime.version" value="1.7.0_45-b18"> </property>
    <property 
    name="java.awt.graphicsenv" value="sun.awt.X11GraphicsEnvironment">
</property>
    <property 
    name="java.endorsed.dirs" value="/usr/lib/jvm/java-7-oracle/jre/lib/endorsed">
</property>
    <property name="os.arch" value="i386"> </property>
    <property name="java.io.tmpdir" value="/tmp"> </property>
    <property name="line.separator" value=" "> </property>
    <property name="java.vm.specification.vendor" value="Oracle Corporation">
    </property>
    <property name="os.name" value="Linux"> </property>
    <property name="sun.jnu.encoding" value="UTF-8"> </property>
    <property 
    name="java.library.path" value="/usr/java/packages/lib/i386:/lib:/usr/lib">
</property>
    <property 
    name="java.specification.name" value="Java Platform API Specification">
</property>
    <property name="java.class.version" value="51.0"> </property>
    <property name="sun.management.compiler" value="HotSpot Tiered Compilers">
    </property>
    <property name="os.version" value="3.2.0-37-generic-pae"> </property>
    <property name="user.home" value="/home/rekha"> </property>
    <property name="user.timezone" value="Asia/Kolkata"> </property>
    <property name="java.awt.printerjob" value="sun.print.PSPrinterJob">
    </property>
    <property name="file.encoding" value="UTF-8"> </property>
    <property name="java.specification.version" value="1.7"> </property>
    <property name="user.name" value="rekha"> </property>
    <property 
    name="java.class.path" value="/home/rekha/soft/sbt/bin/sbt-launch.jar">
</property>
    <property name="jline.shutdownhook" value="false"> </property>
    <property name="java.vm.specification.version" value="1.7"> </property>
    <property name="sun.arch.data.model" value="32"> </property>
    <property name="java.home" value="/usr/lib/jvm/java-7-oracle/jre">
    </property>
    <property 
    name="sun.java.command" value="/home/rekha/soft/sbt/bin/sbt-launch.jar test">
</property>
    <property name="java.specification.vendor" value="Oracle Corporation">
    </property>
    <property name="user.language" value="en"> </property>
    <property name="awt.toolkit" value="sun.awt.X11.XToolkit"> </property>
    <property name="java.vm.info" value="mixed mode"> </property>
    <property name="java.version" value="1.7.0_45"> </property>
    <property 
    name="java.ext.dirs" value="/usr/lib/jvm/java-7-oracle/jre/lib/ext:/usr/java/packages/lib/ext">
</property>
    <property 
    name="sun.boot.class.path" value="/usr/lib/jvm/java-7-oracle/jre/lib/resources.jar:/usr/lib/jvm/java-7-oracle/jre/lib/rt.jar:/usr/lib/jvm/java-7-oracle/jre/lib/sunrsasign.jar:/usr/lib/jvm/java-7-oracle/jre/lib/jsse.jar:/usr/lib/jvm/java-7-oracle/jre/lib/jce.jar:/usr/lib/jvm/java-7-oracle/jre/lib/charsets.jar:/usr/lib/jvm/java-7-oracle/jre/lib/jfr.jar:/usr/lib/jvm/java-7-oracle/jre/classes">
</property>
    <property name="java.vendor" value="Oracle Corporation"> </property>
    <property name="file.separator" value="/"> </property>
    <property 
    name="java.vendor.url.bug" value="http://bugreport.sun.com/bugreport/">
</property>
    <property name="sun.cpu.endian" value="little"> </property>
    <property name="sun.io.unicode.encoding" value="UnicodeLittle"> </property>
    <property name="sun.cpu.isalist" value=""> </property>
  </properties>
  <testcase 
  name="GBLogin should have" classname="com.glassbeam.scalatestdemo.LoginGBSpec" time="10.441">
    <failure 
    message="WebElement 'form-login-password' not found." type="class org.scalatest.exceptions.TestFailedException">
      org.scalatest.exceptions.TestFailedException: WebElement 'form-login-password' not found.
      at org.scalatest.selenium.WebBrowser$Query$class.webElement(WebBrowser.scala:2671)
      at org.scalatest.selenium.WebBrowser$NameQuery.webElement(WebBrowser.scala:2710)
      at org.scalatest.selenium.WebBrowser$$anonfun$textField$1.apply(WebBrowser.scala:3108)
      at org.scalatest.selenium.WebBrowser$$anonfun$textField$1.apply(WebBrowser.scala:3108)
      at org.scalatest.selenium.WebBrowser$class.org$scalatest$selenium$WebBrowser$$tryQueries(WebBrowser.scala:3083)
      at org.scalatest.selenium.WebBrowser$class.textField(WebBrowser.scala:3108)
      at com.glassbeam.scalatestdemo.LoginGBSpec.textField(LoginGBSpec.scala:10)
      at com.glassbeam.scalatestdemo.LoginGBSpec$$anonfun$1.apply$mcV$sp(LoginGBSpec.scala:19)
      at com.glassbeam.scalatestdemo.LoginGBSpec$$anonfun$1.apply(LoginGBSpec.scala:14)
      at com.glassbeam.scalatestdemo.LoginGBSpec$$anonfun$1.apply(LoginGBSpec.scala:14)
      at org.scalatest.Transformer$$anonfun$apply$1.apply(Transformer.scala:22)
      at org.scalatest.Transformer$$anonfun$apply$1.apply(Transformer.scala:22)
      at org.scalatest.OutcomeOf$class.outcomeOf(OutcomeOf.scala:85)
      at org.scalatest.OutcomeOf$.outcomeOf(OutcomeOf.scala:104)
      at org.scalatest.Transformer.apply(Transformer.scala:22)
      at org.scalatest.Transformer.apply(Transformer.scala:20)
      at org.scalatest.FlatSpecLike$$anon$1.apply(FlatSpecLike.scala:1617)
      at org.scalatest.Suite$class.withFixture(Suite.scala:1106)
      at org.scalatest.FlatSpec.withFixture(FlatSpec.scala:1497)
      at org.scalatest.FlatSpecLike$class.invokeWithFixture$1(FlatSpecLike.scala:1614)
      at org.scalatest.FlatSpecLike$$anonfun$runTest$1.apply(FlatSpecLike.scala:1626)
      at org.scalatest.FlatSpecLike$$anonfun$runTest$1.apply(FlatSpecLike.scala:1626)
      at org.scalatest.SuperEngine.runTestImpl(Engine.scala:306)
      at org.scalatest.FlatSpecLike$class.runTest(FlatSpecLike.scala:1626)
      at org.scalatest.FlatSpec.runTest(FlatSpec.scala:1497)
      at org.scalatest.FlatSpecLike$$anonfun$runTests$1.apply(FlatSpecLike.scala:1684)
      at org.scalatest.FlatSpecLike$$anonfun$runTests$1.apply(FlatSpecLike.scala:1684)
      at org.scalatest.SuperEngine$$anonfun$traverseSubNodes$1$1.apply(Engine.scala:413)
      at org.scalatest.SuperEngine$$anonfun$traverseSubNodes$1$1.apply(Engine.scala:401)
      at scala.collection.immutable.List.foreach(List.scala:318)
      at org.scalatest.SuperEngine.traverseSubNodes$1(Engine.scala:401)
      at org.scalatest.SuperEngine.org$scalatest$SuperEngine$$runTestsInBranch(Engine.scala:390)
      at org.scalatest.SuperEngine$$anonfun$traverseSubNodes$1$1.apply(Engine.scala:427)
      at org.scalatest.SuperEngine$$anonfun$traverseSubNodes$1$1.apply(Engine.scala:401)
      at scala.collection.immutable.List.foreach(List.scala:318)
      at org.scalatest.SuperEngine.traverseSubNodes$1(Engine.scala:401)
      at org.scalatest.SuperEngine.org$scalatest$SuperEngine$$runTestsInBranch(Engine.scala:396)
      at org.scalatest.SuperEngine.runTestsImpl(Engine.scala:483)
      at org.scalatest.FlatSpecLike$class.runTests(FlatSpecLike.scala:1684)
      at org.scalatest.FlatSpec.runTests(FlatSpec.scala:1497)
      at org.scalatest.Suite$class.run(Suite.scala:1423)
      at org.scalatest.FlatSpec.org$scalatest$FlatSpecLike$$super$run(FlatSpec.scala:1497)
      at org.scalatest.FlatSpecLike$$anonfun$run$1.apply(FlatSpecLike.scala:1730)
      at org.scalatest.FlatSpecLike$$anonfun$run$1.apply(FlatSpecLike.scala:1730)
      at org.scalatest.SuperEngine.runImpl(Engine.scala:545)
      at org.scalatest.FlatSpecLike$class.run(FlatSpecLike.scala:1730)
      at org.scalatest.FlatSpec.run(FlatSpec.scala:1497)
      at org.scalatest.tools.Framework.runSuite(Framework.scala:270)
      at org.scalatest.tools.Framework$ScalaTestTask.execute(Framework.scala:477)
      at sbt.TestRunner.runTest$1(TestFramework.scala:84)
      at sbt.TestRunner.run(TestFramework.scala:94)
      at sbt.TestFramework$$anon$2$$anonfun$$init$$1$$anonfun$apply$8.apply(TestFramework.scala:224)
      at sbt.TestFramework$$anon$2$$anonfun$$init$$1$$anonfun$apply$8.apply(TestFramework.scala:224)
      at sbt.TestFramework$.sbt$TestFramework$$withContextLoader(TestFramework.scala:212)
      at sbt.TestFramework$$anon$2$$anonfun$$init$$1.apply(TestFramework.scala:224)
      at sbt.TestFramework$$anon$2$$anonfun$$init$$1.apply(TestFramework.scala:224)
      at sbt.TestFunction.apply(TestFramework.scala:229)
      at sbt.Tests$$anonfun$7.apply(Tests.scala:196)
      at sbt.Tests$$anonfun$7.apply(Tests.scala:196)
      at sbt.std.Transform$$anon$3$$anonfun$apply$2.apply(System.scala:45)
      at sbt.std.Transform$$anon$3$$anonfun$apply$2.apply(System.scala:45)
      at sbt.std.Transform$$anon$4.work(System.scala:64)
      at sbt.Execute$$anonfun$submit$1$$anonfun$apply$1.apply(Execute.scala:237)
      at sbt.Execute$$anonfun$submit$1$$anonfun$apply$1.apply(Execute.scala:237)
      at sbt.ErrorHandling$.wideConvert(ErrorHandling.scala:18)
      at sbt.Execute.work(Execute.scala:244)
      at sbt.Execute$$anonfun$submit$1.apply(Execute.scala:237)
      at sbt.Execute$$anonfun$submit$1.apply(Execute.scala:237)
      at sbt.ConcurrentRestrictions$$anon$4$$anonfun$1.apply(ConcurrentRestrictions.scala:160)
      at sbt.CompletionService$$anon$2.call(CompletionService.scala:30)
      at java.util.concurrent.FutureTask.run(FutureTask.java:262)
      at java.util.concurrent.Executors$RunnableAdapter.call(Executors.java:471)
      at java.util.concurrent.FutureTask.run(FutureTask.java:262)
      at java.util.concurrent.ThreadPoolExecutor.runWorker(ThreadPoolExecutor.java:1145)
      at java.util.concurrent.ThreadPoolExecutor$Worker.run(ThreadPoolExecutor.java:615)
      at java.lang.Thread.run(Thread.java:744)
      Cause: org.openqa.selenium.NoSuchElementException: Unable to locate element with name: form-login-password
For documentation on this error, please visit: http://seleniumhq.org/exceptions/no_such_element.html
Build info: version: '2.35.0', revision: '8df0c6bedf70ff9f22c647788f9fe9c8d22210e2', time: '2013-08-17 12:46:41'
System info: os.name: 'Linux', os.arch: 'i386', os.version: '3.2.0-37-generic-pae', java.version: '1.7.0_45'
Driver info: driver.version: HtmlUnitDriver
      at org.openqa.selenium.htmlunit.HtmlUnitDriver.findElementByName(HtmlUnitDriver.java:853)
      at org.openqa.selenium.By$ByName.findElement(By.java:292)
      at org.openqa.selenium.htmlunit.HtmlUnitDriver$5.call(HtmlUnitDriver.java:1404)
      at org.openqa.selenium.htmlunit.HtmlUnitDriver$5.call(HtmlUnitDriver.java:1401)
      at org.openqa.selenium.htmlunit.HtmlUnitDriver.implicitlyWaitFor(HtmlUnitDriver.java:1094)
      at org.openqa.selenium.htmlunit.HtmlUnitDriver.findElement(HtmlUnitDriver.java:1401)
      at org.openqa.selenium.htmlunit.HtmlUnitDriver.findElement(HtmlUnitDriver.java:419)
      at org.scalatest.selenium.WebBrowser$Query$class.webElement(WebBrowser.scala:2667)
      at org.scalatest.selenium.WebBrowser$NameQuery.webElement(WebBrowser.scala:2710)
      at org.scalatest.selenium.WebBrowser$$anonfun$textField$1.apply(WebBrowser.scala:3108)
      at org.scalatest.selenium.WebBrowser$$anonfun$textField$1.apply(WebBrowser.scala:3108)
      at org.scalatest.selenium.WebBrowser$class.org$scalatest$selenium$WebBrowser$$tryQueries(WebBrowser.scala:3083)
      at org.scalatest.selenium.WebBrowser$class.textField(WebBrowser.scala:3108)
      at com.glassbeam.scalatestdemo.LoginGBSpec.textField(LoginGBSpec.scala:10)
      at com.glassbeam.scalatestdemo.LoginGBSpec$$anonfun$1.apply$mcV$sp(LoginGBSpec.scala:19)
      at com.glassbeam.scalatestdemo.LoginGBSpec$$anonfun$1.apply(LoginGBSpec.scala:14)
      at com.glassbeam.scalatestdemo.LoginGBSpec$$anonfun$1.apply(LoginGBSpec.scala:14)
      at org.scalatest.Transformer$$anonfun$apply$1.apply(Transformer.scala:22)
      at org.scalatest.Transformer$$anonfun$apply$1.apply(Transformer.scala:22)
      at org.scalatest.OutcomeOf$class.outcomeOf(OutcomeOf.scala:85)
      at org.scalatest.OutcomeOf$.outcomeOf(OutcomeOf.scala:104)
      at org.scalatest.Transformer.apply(Transformer.scala:22)
      at org.scalatest.Transformer.apply(Transformer.scala:20)
      at org.scalatest.FlatSpecLike$$anon$1.apply(FlatSpecLike.scala:1617)
      at org.scalatest.Suite$class.withFixture(Suite.scala:1106)
      at org.scalatest.FlatSpec.withFixture(FlatSpec.scala:1497)
      at org.scalatest.FlatSpecLike$class.invokeWithFixture$1(FlatSpecLike.scala:1614)
      at org.scalatest.FlatSpecLike$$anonfun$runTest$1.apply(FlatSpecLike.scala:1626)
      at org.scalatest.FlatSpecLike$$anonfun$runTest$1.apply(FlatSpecLike.scala:1626)
      at org.scalatest.SuperEngine.runTestImpl(Engine.scala:306)
      at org.scalatest.FlatSpecLike$class.runTest(FlatSpecLike.scala:1626)
      at org.scalatest.FlatSpec.runTest(FlatSpec.scala:1497)
      at org.scalatest.FlatSpecLike$$anonfun$runTests$1.apply(FlatSpecLike.scala:1684)
      at org.scalatest.FlatSpecLike$$anonfun$runTests$1.apply(FlatSpecLike.scala:1684)
      at org.scalatest.SuperEngine$$anonfun$traverseSubNodes$1$1.apply(Engine.scala:413)
      at org.scalatest.SuperEngine$$anonfun$traverseSubNodes$1$1.apply(Engine.scala:401)
      at scala.collection.immutable.List.foreach(List.scala:318)
      at org.scalatest.SuperEngine.traverseSubNodes$1(Engine.scala:401)
      at org.scalatest.SuperEngine.org$scalatest$SuperEngine$$runTestsInBranch(Engine.scala:390)
      at org.scalatest.SuperEngine$$anonfun$traverseSubNodes$1$1.apply(Engine.scala:427)
      at org.scalatest.SuperEngine$$anonfun$traverseSubNodes$1$1.apply(Engine.scala:401)
      at scala.collection.immutable.List.foreach(List.scala:318)
      at org.scalatest.SuperEngine.traverseSubNodes$1(Engine.scala:401)
      at org.scalatest.SuperEngine.org$scalatest$SuperEngine$$runTestsInBranch(Engine.scala:396)
      at org.scalatest.SuperEngine.runTestsImpl(Engine.scala:483)
      at org.scalatest.FlatSpecLike$class.runTests(FlatSpecLike.scala:1684)
      at org.scalatest.FlatSpec.runTests(FlatSpec.scala:1497)
      at org.scalatest.Suite$class.run(Suite.scala:1423)
      at org.scalatest.FlatSpec.org$scalatest$FlatSpecLike$$super$run(FlatSpec.scala:1497)
      at org.scalatest.FlatSpecLike$$anonfun$run$1.apply(FlatSpecLike.scala:1730)
      at org.scalatest.FlatSpecLike$$anonfun$run$1.apply(FlatSpecLike.scala:1730)
      at org.scalatest.SuperEngine.runImpl(Engine.scala:545)
      at org.scalatest.FlatSpecLike$class.run(FlatSpecLike.scala:1730)
      at org.scalatest.FlatSpec.run(FlatSpec.scala:1497)
      at org.scalatest.tools.Framework.runSuite(Framework.scala:270)
      at org.scalatest.tools.Framework$ScalaTestTask.execute(Framework.scala:477)
      at sbt.TestRunner.runTest$1(TestFramework.scala:84)
      at sbt.TestRunner.run(TestFramework.scala:94)
      at sbt.TestFramework$$anon$2$$anonfun$$init$$1$$anonfun$apply$8.apply(TestFramework.scala:224)
      at sbt.TestFramework$$anon$2$$anonfun$$init$$1$$anonfun$apply$8.apply(TestFramework.scala:224)
      at sbt.TestFramework$.sbt$TestFramework$$withContextLoader(TestFramework.scala:212)
      at sbt.TestFramework$$anon$2$$anonfun$$init$$1.apply(TestFramework.scala:224)
      at sbt.TestFramework$$anon$2$$anonfun$$init$$1.apply(TestFramework.scala:224)
      at sbt.TestFunction.apply(TestFramework.scala:229)
      at sbt.Tests$$anonfun$7.apply(Tests.scala:196)
      at sbt.Tests$$anonfun$7.apply(Tests.scala:196)
      at sbt.std.Transform$$anon$3$$anonfun$apply$2.apply(System.scala:45)
      at sbt.std.Transform$$anon$3$$anonfun$apply$2.apply(System.scala:45)
      at sbt.std.Transform$$anon$4.work(System.scala:64)
      at sbt.Execute$$anonfun$submit$1$$anonfun$apply$1.apply(Execute.scala:237)
      at sbt.Execute$$anonfun$submit$1$$anonfun$apply$1.apply(Execute.scala:237)
      at sbt.ErrorHandling$.wideConvert(ErrorHandling.scala:18)
      at sbt.Execute.work(Execute.scala:244)
      at sbt.Execute$$anonfun$submit$1.apply(Execute.scala:237)
      at sbt.Execute$$anonfun$submit$1.apply(Execute.scala:237)
      at sbt.ConcurrentRestrictions$$anon$4$$anonfun$1.apply(ConcurrentRestrictions.scala:160)
      at sbt.CompletionService$$anon$2.call(CompletionService.scala:30)
      at java.util.concurrent.FutureTask.run(FutureTask.java:262)
      at java.util.concurrent.Executors$RunnableAdapter.call(Executors.java:471)
      at java.util.concurrent.FutureTask.run(FutureTask.java:262)
      at java.util.concurrent.ThreadPoolExecutor.runWorker(ThreadPoolExecutor.java:1145)
      at java.util.concurrent.ThreadPoolExecutor$Worker.run(ThreadPoolExecutor.java:615)
      at java.lang.Thread.run(Thread.java:744)
</failure>
</testcase>
  <system-out><![CDATA[]]></system-out>
  <system-err><![CDATA[]]></system-err>
</testsuite>
